Compiling the C compiler identification source file "CMakeCCompilerId.c" failed.
Compiler:  
Build flags: 
Id flags: 

The output was:
1
Microsoft (R) Build Engine version 12.0.31101.0
[Microsoft .NET Framework, version 4.0.30319.34014]
Copyright (C) Microsoft Corporation. All rights reserved.

Build started 2/8/2015 11:07:21 PM.
Project "D:\SeniorDesign\OculusMinimalExample\CMakeFiles\3.1.2\CompilerIdC\CompilerIdC.vcxproj" on node 1 (default targets).
PrepareForBuild:
  Creating directory "Debug\".
  Creating directory "Debug\CompilerIdC.tlog\".
InitializeBuildStatus:
  Creating "Debug\CompilerIdC.tlog\unsuccessfulbuild" because "AlwaysCreate" was specified.
ClCompile:
  D:\Programs\VisualStudio\VC\bin\x86_amd64\CL.exe /c /nologo /W0 /WX- /Od /D _MBCS /Gm- /EHsc /RTC1 /MDd /GS /fp:precise /Zc:wchar_t /Zc:forScope /Fo"Debug\\" /Fd"Debug\vc120.pdb" /Gd /TC /errorReport:queue CMakeCCompilerId.c
  CMakeCCompilerId.c
Link:
  D:\Programs\VisualStudio\VC\bin\x86_amd64\link.exe /ERRORREPORT:QUEUE /OUT:".\CompilerIdC.exe" /INCREMENTAL:NO /NOLOGO kernel32.lib user32.lib gdi32.lib winspool.lib comdlg32.lib advapi32.lib shell32.lib ole32.lib oleaut32.lib uuid.lib odbc32.lib odbccp32.lib /MANIFEST /MANIFESTUAC:"level='asInvoker' uiAccess='false'" /manifest:embed /PDB:".\CompilerIdC.pdb" /SUBSYSTEM:CONSOLE /TLBID:1 /DYNAMICBASE /NXCOMPAT /IMPLIB:".\CompilerIdC.lib" /MACHINE:X64 Debug\CMakeCCompilerId.obj
LINK : fatal error LNK1181: cannot open input file 'gdi32.lib' [D:\SeniorDesign\OculusMinimalExample\CMakeFiles\3.1.2\CompilerIdC\CompilerIdC.vcxproj]
Done Building Project "D:\SeniorDesign\OculusMinimalExample\CMakeFiles\3.1.2\CompilerIdC\CompilerIdC.vcxproj" (default targets) -- FAILED.

Build FAILED.

"D:\SeniorDesign\OculusMinimalExample\CMakeFiles\3.1.2\CompilerIdC\CompilerIdC.vcxproj" (default target) (1) ->
(Link target) -> 
  LINK : fatal error LNK1181: cannot open input file 'gdi32.lib' [D:\SeniorDesign\OculusMinimalExample\CMakeFiles\3.1.2\CompilerIdC\CompilerIdC.vcxproj]

    0 Warning(s)
    1 Error(s)

Time Elapsed 00:00:01.57


Compiling the CXX compiler identification source file "CMakeCXXCompilerId.cpp" failed.
Compiler:  
Build flags: 
Id flags: 

The output was:
1
Microsoft (R) Build Engine version 12.0.31101.0
[Microsoft .NET Framework, version 4.0.30319.34014]
Copyright (C) Microsoft Corporation. All rights reserved.

Build started 2/8/2015 11:07:23 PM.
Project "D:\SeniorDesign\OculusMinimalExample\CMakeFiles\3.1.2\CompilerIdCXX\CompilerIdCXX.vcxproj" on node 1 (default targets).
PrepareForBuild:
  Creating directory "Debug\".
  Creating directory "Debug\CompilerIdCXX.tlog\".
InitializeBuildStatus:
  Creating "Debug\CompilerIdCXX.tlog\unsuccessfulbuild" because "AlwaysCreate" was specified.
ClCompile:
  D:\Programs\VisualStudio\VC\bin\x86_amd64\CL.exe /c /nologo /W0 /WX- /Od /D _MBCS /Gm- /EHsc /RTC1 /MDd /GS /fp:precise /Zc:wchar_t /Zc:forScope /Fo"Debug\\" /Fd"Debug\vc120.pdb" /Gd /TP /errorReport:queue CMakeCXXCompilerId.cpp
  CMakeCXXCompilerId.cpp
Link:
  D:\Programs\VisualStudio\VC\bin\x86_amd64\link.exe /ERRORREPORT:QUEUE /OUT:".\CompilerIdCXX.exe" /INCREMENTAL:NO /NOLOGO kernel32.lib user32.lib gdi32.lib winspool.lib comdlg32.lib advapi32.lib shell32.lib ole32.lib oleaut32.lib uuid.lib odbc32.lib odbccp32.lib /MANIFEST /MANIFESTUAC:"level='asInvoker' uiAccess='false'" /manifest:embed /PDB:".\CompilerIdCXX.pdb" /SUBSYSTEM:CONSOLE /TLBID:1 /DYNAMICBASE /NXCOMPAT /IMPLIB:".\CompilerIdCXX.lib" /MACHINE:X64 Debug\CMakeCXXCompilerId.obj
LINK : fatal error LNK1181: cannot open input file 'gdi32.lib' [D:\SeniorDesign\OculusMinimalExample\CMakeFiles\3.1.2\CompilerIdCXX\CompilerIdCXX.vcxproj]
Done Building Project "D:\SeniorDesign\OculusMinimalExample\CMakeFiles\3.1.2\CompilerIdCXX\CompilerIdCXX.vcxproj" (default targets) -- FAILED.

Build FAILED.

"D:\SeniorDesign\OculusMinimalExample\CMakeFiles\3.1.2\CompilerIdCXX\CompilerIdCXX.vcxproj" (default target) (1) ->
(Link target) -> 
  LINK : fatal error LNK1181: cannot open input file 'gdi32.lib' [D:\SeniorDesign\OculusMinimalExample\CMakeFiles\3.1.2\CompilerIdCXX\CompilerIdCXX.vcxproj]

    0 Warning(s)
    1 Error(s)

Time Elapsed 00:00:00.85


Compiling the C compiler identification source file "CMakeCCompilerId.c" failed.
Compiler:  
Build flags: 
Id flags: 

The output was:
1
Microsoft (R) Build Engine version 12.0.31101.0
[Microsoft .NET Framework, version 4.0.30319.34014]
Copyright (C) Microsoft Corporation. All rights reserved.

Build started 2/8/2015 11:08:52 PM.
Project "D:\SeniorDesign\OculusMinimalExample\CMakeFiles\3.1.2\CompilerIdC\CompilerIdC.vcxproj" on node 1 (default targets).
PrepareForBuild:
  Creating directory "Debug\".
  Creating directory "Debug\CompilerIdC.tlog\".
InitializeBuildStatus:
  Creating "Debug\CompilerIdC.tlog\unsuccessfulbuild" because "AlwaysCreate" was specified.
ClCompile:
  D:\Programs\VisualStudio\VC\bin\x86_amd64\CL.exe /c /nologo /W0 /WX- /Od /D _MBCS /Gm- /EHsc /RTC1 /MDd /GS /fp:precise /Zc:wchar_t /Zc:forScope /Fo"Debug\\" /Fd"Debug\vc120.pdb" /Gd /TC /errorReport:queue CMakeCCompilerId.c
  CMakeCCompilerId.c
Link:
  D:\Programs\VisualStudio\VC\bin\x86_amd64\link.exe /ERRORREPORT:QUEUE /OUT:".\CompilerIdC.exe" /INCREMENTAL:NO /NOLOGO kernel32.lib user32.lib gdi32.lib winspool.lib comdlg32.lib advapi32.lib shell32.lib ole32.lib oleaut32.lib uuid.lib odbc32.lib odbccp32.lib /MANIFEST /MANIFESTUAC:"level='asInvoker' uiAccess='false'" /manifest:embed /PDB:".\CompilerIdC.pdb" /SUBSYSTEM:CONSOLE /TLBID:1 /DYNAMICBASE /NXCOMPAT /IMPLIB:".\CompilerIdC.lib" /MACHINE:X64 Debug\CMakeCCompilerId.obj
LINK : fatal error LNK1181: cannot open input file 'gdi32.lib' [D:\SeniorDesign\OculusMinimalExample\CMakeFiles\3.1.2\CompilerIdC\CompilerIdC.vcxproj]
Done Building Project "D:\SeniorDesign\OculusMinimalExample\CMakeFiles\3.1.2\CompilerIdC\CompilerIdC.vcxproj" (default targets) -- FAILED.

Build FAILED.

"D:\SeniorDesign\OculusMinimalExample\CMakeFiles\3.1.2\CompilerIdC\CompilerIdC.vcxproj" (default target) (1) ->
(Link target) -> 
  LINK : fatal error LNK1181: cannot open input file 'gdi32.lib' [D:\SeniorDesign\OculusMinimalExample\CMakeFiles\3.1.2\CompilerIdC\CompilerIdC.vcxproj]

    0 Warning(s)
    1 Error(s)

Time Elapsed 00:00:00.71


Compiling the CXX compiler identification source file "CMakeCXXCompilerId.cpp" failed.
Compiler:  
Build flags: 
Id flags: 

The output was:
1
Microsoft (R) Build Engine version 12.0.31101.0
[Microsoft .NET Framework, version 4.0.30319.34014]
Copyright (C) Microsoft Corporation. All rights reserved.

Build started 2/8/2015 11:08:53 PM.
Project "D:\SeniorDesign\OculusMinimalExample\CMakeFiles\3.1.2\CompilerIdCXX\CompilerIdCXX.vcxproj" on node 1 (default targets).
PrepareForBuild:
  Creating directory "Debug\".
  Creating directory "Debug\CompilerIdCXX.tlog\".
InitializeBuildStatus:
  Creating "Debug\CompilerIdCXX.tlog\unsuccessfulbuild" because "AlwaysCreate" was specified.
ClCompile:
  D:\Programs\VisualStudio\VC\bin\x86_amd64\CL.exe /c /nologo /W0 /WX- /Od /D _MBCS /Gm- /EHsc /RTC1 /MDd /GS /fp:precise /Zc:wchar_t /Zc:forScope /Fo"Debug\\" /Fd"Debug\vc120.pdb" /Gd /TP /errorReport:queue CMakeCXXCompilerId.cpp
  CMakeCXXCompilerId.cpp
Link:
  D:\Programs\VisualStudio\VC\bin\x86_amd64\link.exe /ERRORREPORT:QUEUE /OUT:".\CompilerIdCXX.exe" /INCREMENTAL:NO /NOLOGO kernel32.lib user32.lib gdi32.lib winspool.lib comdlg32.lib advapi32.lib shell32.lib ole32.lib oleaut32.lib uuid.lib odbc32.lib odbccp32.lib /MANIFEST /MANIFESTUAC:"level='asInvoker' uiAccess='false'" /manifest:embed /PDB:".\CompilerIdCXX.pdb" /SUBSYSTEM:CONSOLE /TLBID:1 /DYNAMICBASE /NXCOMPAT /IMPLIB:".\CompilerIdCXX.lib" /MACHINE:X64 Debug\CMakeCXXCompilerId.obj
LINK : fatal error LNK1181: cannot open input file 'gdi32.lib' [D:\SeniorDesign\OculusMinimalExample\CMakeFiles\3.1.2\CompilerIdCXX\CompilerIdCXX.vcxproj]
Done Building Project "D:\SeniorDesign\OculusMinimalExample\CMakeFiles\3.1.2\CompilerIdCXX\CompilerIdCXX.vcxproj" (default targets) -- FAILED.

Build FAILED.

"D:\SeniorDesign\OculusMinimalExample\CMakeFiles\3.1.2\CompilerIdCXX\CompilerIdCXX.vcxproj" (default target) (1) ->
(Link target) -> 
  LINK : fatal error LNK1181: cannot open input file 'gdi32.lib' [D:\SeniorDesign\OculusMinimalExample\CMakeFiles\3.1.2\CompilerIdCXX\CompilerIdCXX.vcxproj]

    0 Warning(s)
    1 Error(s)

Time Elapsed 00:00:00.72


Compiling the C compiler identification source file "CMakeCCompilerId.c" failed.
Compiler:  
Build flags: 
Id flags: 

The output was:
1
Microsoft (R) Build Engine version 12.0.31101.0
[Microsoft .NET Framework, version 4.0.30319.34014]
Copyright (C) Microsoft Corporation. All rights reserved.

Build started 2/8/2015 11:08:58 PM.
Project "D:\SeniorDesign\OculusMinimalExample\CMakeFiles\3.1.2\CompilerIdC\CompilerIdC.vcxproj" on node 1 (default targets).
PrepareForBuild:
  Creating directory "Debug\".
  Creating directory "Debug\CompilerIdC.tlog\".
InitializeBuildStatus:
  Creating "Debug\CompilerIdC.tlog\unsuccessfulbuild" because "AlwaysCreate" was specified.
ClCompile:
  D:\Programs\VisualStudio\VC\bin\x86_amd64\CL.exe /c /nologo /W0 /WX- /Od /D _MBCS /Gm- /EHsc /RTC1 /MDd /GS /fp:precise /Zc:wchar_t /Zc:forScope /Fo"Debug\\" /Fd"Debug\vc120.pdb" /Gd /TC /errorReport:queue CMakeCCompilerId.c
  CMakeCCompilerId.c
Link:
  D:\Programs\VisualStudio\VC\bin\x86_amd64\link.exe /ERRORREPORT:QUEUE /OUT:".\CompilerIdC.exe" /INCREMENTAL:NO /NOLOGO kernel32.lib user32.lib gdi32.lib winspool.lib comdlg32.lib advapi32.lib shell32.lib ole32.lib oleaut32.lib uuid.lib odbc32.lib odbccp32.lib /MANIFEST /MANIFESTUAC:"level='asInvoker' uiAccess='false'" /manifest:embed /PDB:".\CompilerIdC.pdb" /SUBSYSTEM:CONSOLE /TLBID:1 /DYNAMICBASE /NXCOMPAT /IMPLIB:".\CompilerIdC.lib" /MACHINE:X64 Debug\CMakeCCompilerId.obj
LINK : fatal error LNK1181: cannot open input file 'gdi32.lib' [D:\SeniorDesign\OculusMinimalExample\CMakeFiles\3.1.2\CompilerIdC\CompilerIdC.vcxproj]
Done Building Project "D:\SeniorDesign\OculusMinimalExample\CMakeFiles\3.1.2\CompilerIdC\CompilerIdC.vcxproj" (default targets) -- FAILED.

Build FAILED.

"D:\SeniorDesign\OculusMinimalExample\CMakeFiles\3.1.2\CompilerIdC\CompilerIdC.vcxproj" (default target) (1) ->
(Link target) -> 
  LINK : fatal error LNK1181: cannot open input file 'gdi32.lib' [D:\SeniorDesign\OculusMinimalExample\CMakeFiles\3.1.2\CompilerIdC\CompilerIdC.vcxproj]

    0 Warning(s)
    1 Error(s)

Time Elapsed 00:00:00.71


Compiling the CXX compiler identification source file "CMakeCXXCompilerId.cpp" failed.
Compiler:  
Build flags: 
Id flags: 

The output was:
1
Microsoft (R) Build Engine version 12.0.31101.0
[Microsoft .NET Framework, version 4.0.30319.34014]
Copyright (C) Microsoft Corporation. All rights reserved.

Build started 2/8/2015 11:08:59 PM.
Project "D:\SeniorDesign\OculusMinimalExample\CMakeFiles\3.1.2\CompilerIdCXX\CompilerIdCXX.vcxproj" on node 1 (default targets).
PrepareForBuild:
  Creating directory "Debug\".
  Creating directory "Debug\CompilerIdCXX.tlog\".
InitializeBuildStatus:
  Creating "Debug\CompilerIdCXX.tlog\unsuccessfulbuild" because "AlwaysCreate" was specified.
ClCompile:
  D:\Programs\VisualStudio\VC\bin\x86_amd64\CL.exe /c /nologo /W0 /WX- /Od /D _MBCS /Gm- /EHsc /RTC1 /MDd /GS /fp:precise /Zc:wchar_t /Zc:forScope /Fo"Debug\\" /Fd"Debug\vc120.pdb" /Gd /TP /errorReport:queue CMakeCXXCompilerId.cpp
  CMakeCXXCompilerId.cpp
Link:
  D:\Programs\VisualStudio\VC\bin\x86_amd64\link.exe /ERRORREPORT:QUEUE /OUT:".\CompilerIdCXX.exe" /INCREMENTAL:NO /NOLOGO kernel32.lib user32.lib gdi32.lib winspool.lib comdlg32.lib advapi32.lib shell32.lib ole32.lib oleaut32.lib uuid.lib odbc32.lib odbccp32.lib /MANIFEST /MANIFESTUAC:"level='asInvoker' uiAccess='false'" /manifest:embed /PDB:".\CompilerIdCXX.pdb" /SUBSYSTEM:CONSOLE /TLBID:1 /DYNAMICBASE /NXCOMPAT /IMPLIB:".\CompilerIdCXX.lib" /MACHINE:X64 Debug\CMakeCXXCompilerId.obj
LINK : fatal error LNK1181: cannot open input file 'gdi32.lib' [D:\SeniorDesign\OculusMinimalExample\CMakeFiles\3.1.2\CompilerIdCXX\CompilerIdCXX.vcxproj]
Done Building Project "D:\SeniorDesign\OculusMinimalExample\CMakeFiles\3.1.2\CompilerIdCXX\CompilerIdCXX.vcxproj" (default targets) -- FAILED.

Build FAILED.

"D:\SeniorDesign\OculusMinimalExample\CMakeFiles\3.1.2\CompilerIdCXX\CompilerIdCXX.vcxproj" (default target) (1) ->
(Link target) -> 
  LINK : fatal error LNK1181: cannot open input file 'gdi32.lib' [D:\SeniorDesign\OculusMinimalExample\CMakeFiles\3.1.2\CompilerIdCXX\CompilerIdCXX.vcxproj]

    0 Warning(s)
    1 Error(s)

Time Elapsed 00:00:00.72


Compiling the C compiler identification source file "CMakeCCompilerId.c" failed.
Compiler: cl 
Build flags: 
Id flags: 

The output was:
The system cannot find the file specified


Compiling the C compiler identification source file "CMakeCCompilerId.c" failed.
Compiler: cl 
Build flags: 
Id flags: -c

The output was:
The system cannot find the file specified


Compiling the C compiler identification source file "CMakeCCompilerId.c" failed.
Compiler: cl 
Build flags: 
Id flags: -Aa

The output was:
The system cannot find the file specified


Checking whether the C compiler is IAR using "" did not match "IAR .+ Compiler":
Compiling the CXX compiler identification source file "CMakeCXXCompilerId.cpp" failed.
Compiler: cl 
Build flags: 
Id flags: 

The output was:
The system cannot find the file specified


Compiling the CXX compiler identification source file "CMakeCXXCompilerId.cpp" failed.
Compiler: cl 
Build flags: 
Id flags: -c

The output was:
The system cannot find the file specified


Checking whether the CXX compiler is IAR using "" did not match "IAR .+ Compiler":
Compiling the C compiler identification source file "CMakeCCompilerId.c" failed.
Compiler: cl 
Build flags: 
Id flags: 

The output was:
The system cannot find the file specified


Compiling the C compiler identification source file "CMakeCCompilerId.c" failed.
Compiler: cl 
Build flags: 
Id flags: -c

The output was:
The system cannot find the file specified


Compiling the C compiler identification source file "CMakeCCompilerId.c" failed.
Compiler: cl 
Build flags: 
Id flags: -Aa

The output was:
The system cannot find the file specified


Checking whether the C compiler is IAR using "" did not match "IAR .+ Compiler":
Compiling the CXX compiler identification source file "CMakeCXXCompilerId.cpp" failed.
Compiler: cl 
Build flags: 
Id flags: 

The output was:
The system cannot find the file specified


Compiling the CXX compiler identification source file "CMakeCXXCompilerId.cpp" failed.
Compiler: cl 
Build flags: 
Id flags: -c

The output was:
The system cannot find the file specified


Checking whether the CXX compiler is IAR using "" did not match "IAR .+ Compiler":
Determining if files pthread.h exist failed with the following output:
Change Dir: D:/SeniorDesign/OculusMinimalExample/CMakeFiles/CMakeTmp

Run Build Command:"nmake" "/NOLOGO" "cmTryCompileExec3448791660\fast"
	D:\Programs\VisualStudio\VC\BIN\nmake.exe -f CMakeFiles\cmTryCompileExec3448791660.dir\build.make /nologo -L                  CMakeFiles\cmTryCompileExec3448791660.dir\build
	D:\Programs\Cmake\bin\cmake.exe -E cmake_progress_report D:\SeniorDesign\OculusMinimalExample\CMakeFiles\CMakeTmp\CMakeFiles 1
Building C object CMakeFiles/cmTryCompileExec3448791660.dir/CheckIncludeFiles.c.obj
	D:\Programs\VisualStudio\VC\bin\cl.exe  @C:\Users\ALDENH~1\AppData\Local\Temp\nm7F62.tmp
CheckIncludeFiles.c
D:\SeniorDesign\OculusMinimalExample\CMakeFiles\CMakeTmp\CheckIncludeFiles.c(2) : fatal error C1083: Cannot open include file: 'pthread.h': No such file or directory
NMAKE : fatal error U1077: 'D:\Programs\VisualStudio\VC\bin\cl.exe' : return code '0x2'
Stop.
NMAKE : fatal error U1077: 'D:\Programs\VisualStudio\VC\BIN\nmake.exe' : return code '0x2'
Stop.

Source:
/* */
#include <pthread.h>


int main(void){return 0;}

